WARNING - 2023-10-10 07:28:39 --> [DEPRECATED] Creation of dynamic property App\Controllers\Home::$DataAktual is deprecated in APPPATH\Controllers\Home.php on line 11.
 1 SYSTEMPATH\CodeIgniter.php(904): App\Controllers\Home->__construct()
 2 SYSTEMPATH\CodeIgniter.php(488): CodeIgniter\CodeIgniter->createController()
 3 SYSTEMPATH\CodeIgniter.php(366): CodeIgniter\CodeIgniter->handleRequest(null, Object(Config\Cache), false)
 4 FCPATH\index.php(67): CodeIgniter\CodeIgniter->run()
WARNING - 2023-10-10 07:28:39 --> [DEPRECATED] Creation of dynamic property App\Controllers\Home::$DataStakeout is deprecated in APPPATH\Controllers\Home.php on line 12.
 1 SYSTEMPATH\CodeIgniter.php(904): App\Controllers\Home->__construct()
 2 SYSTEMPATH\CodeIgniter.php(488): CodeIgniter\CodeIgniter->createController()
 3 SYSTEMPATH\CodeIgniter.php(366): CodeIgniter\CodeIgniter->handleRequest(null, Object(Config\Cache), false)
 4 FCPATH\index.php(67): CodeIgniter\CodeIgniter->run()
WARNING - 2023-10-10 07:30:38 --> [DEPRECATED] Creation of dynamic property App\Controllers\Home::$DataAktual is deprecated in APPPATH\Controllers\Home.php on line 11.
 1 SYSTEMPATH\CodeIgniter.php(904): App\Controllers\Home->__construct()
 2 SYSTEMPATH\CodeIgniter.php(488): CodeIgniter\CodeIgniter->createController()
 3 SYSTEMPATH\CodeIgniter.php(366): CodeIgniter\CodeIgniter->handleRequest(null, Object(Config\Cache), false)
 4 FCPATH\index.php(67): CodeIgniter\CodeIgniter->run()
WARNING - 2023-10-10 07:30:38 --> [DEPRECATED] Creation of dynamic property App\Controllers\Home::$DataStakeout is deprecated in APPPATH\Controllers\Home.php on line 12.
 1 SYSTEMPATH\CodeIgniter.php(904): App\Controllers\Home->__construct()
 2 SYSTEMPATH\CodeIgniter.php(488): CodeIgniter\CodeIgniter->createController()
 3 SYSTEMPATH\CodeIgniter.php(366): CodeIgniter\CodeIgniter->handleRequest(null, Object(Config\Cache), false)
 4 FCPATH\index.php(67): CodeIgniter\CodeIgniter->run()
WARNING - 2023-10-10 07:32:41 --> [DEPRECATED] Creation of dynamic property App\Controllers\table::$DataAktual is deprecated in APPPATH\Controllers\Table.php on line 10.
 1 SYSTEMPATH\CodeIgniter.php(904): App\Controllers\table->__construct()
 2 SYSTEMPATH\CodeIgniter.php(488): CodeIgniter\CodeIgniter->createController()
 3 SYSTEMPATH\CodeIgniter.php(366): CodeIgniter\CodeIgniter->handleRequest(null, Object(Config\Cache), false)
 4 FCPATH\index.php(67): CodeIgniter\CodeIgniter->run()
WARNING - 2023-10-10 07:32:41 --> [DEPRECATED] Creation of dynamic property App\Controllers\table::$DataStakeout is deprecated in APPPATH\Controllers\Table.php on line 11.
 1 SYSTEMPATH\CodeIgniter.php(904): App\Controllers\table->__construct()
 2 SYSTEMPATH\CodeIgniter.php(488): CodeIgniter\CodeIgniter->createController()
 3 SYSTEMPATH\CodeIgniter.php(366): CodeIgniter\CodeIgniter->handleRequest(null, Object(Config\Cache), false)
 4 FCPATH\index.php(67): CodeIgniter\CodeIgniter->run()
WARNING - 2023-10-10 07:32:45 --> [DEPRECATED] Creation of dynamic property App\Controllers\table::$DataAktual is deprecated in APPPATH\Controllers\Table.php on line 10.
 1 SYSTEMPATH\CodeIgniter.php(904): App\Controllers\table->__construct()
 2 SYSTEMPATH\CodeIgniter.php(488): CodeIgniter\CodeIgniter->createController()
 3 SYSTEMPATH\CodeIgniter.php(366): CodeIgniter\CodeIgniter->handleRequest(null, Object(Config\Cache), false)
 4 FCPATH\index.php(67): CodeIgniter\CodeIgniter->run()
WARNING - 2023-10-10 07:32:45 --> [DEPRECATED] Creation of dynamic property App\Controllers\table::$DataStakeout is deprecated in APPPATH\Controllers\Table.php on line 11.
 1 SYSTEMPATH\CodeIgniter.php(904): App\Controllers\table->__construct()
 2 SYSTEMPATH\CodeIgniter.php(488): CodeIgniter\CodeIgniter->createController()
 3 SYSTEMPATH\CodeIgniter.php(366): CodeIgniter\CodeIgniter->handleRequest(null, Object(Config\Cache), false)
 4 FCPATH\index.php(67): CodeIgniter\CodeIgniter->run()
WARNING - 2023-10-10 07:50:01 --> [DEPRECATED] Creation of dynamic property App\Controllers\Home::$DataAktual is deprecated in APPPATH\Controllers\Home.php on line 11.
 1 SYSTEMPATH\CodeIgniter.php(904): App\Controllers\Home->__construct()
 2 SYSTEMPATH\CodeIgniter.php(488): CodeIgniter\CodeIgniter->createController()
 3 SYSTEMPATH\CodeIgniter.php(366): CodeIgniter\CodeIgniter->handleRequest(null, Object(Config\Cache), false)
 4 FCPATH\index.php(67): CodeIgniter\CodeIgniter->run()
WARNING - 2023-10-10 07:50:01 --> [DEPRECATED] Creation of dynamic property App\Controllers\Home::$DataStakeout is deprecated in APPPATH\Controllers\Home.php on line 12.
 1 SYSTEMPATH\CodeIgniter.php(904): App\Controllers\Home->__construct()
 2 SYSTEMPATH\CodeIgniter.php(488): CodeIgniter\CodeIgniter->createController()
 3 SYSTEMPATH\CodeIgniter.php(366): CodeIgniter\CodeIgniter->handleRequest(null, Object(Config\Cache), false)
 4 FCPATH\index.php(67): CodeIgniter\CodeIgniter->run()
WARNING - 2023-10-10 07:52:27 --> [DEPRECATED] Creation of dynamic property App\Controllers\table::$DataAktual is deprecated in APPPATH\Controllers\Table.php on line 10.
 1 SYSTEMPATH\CodeIgniter.php(904): App\Controllers\table->__construct()
 2 SYSTEMPATH\CodeIgniter.php(488): CodeIgniter\CodeIgniter->createController()
 3 SYSTEMPATH\CodeIgniter.php(366): CodeIgniter\CodeIgniter->handleRequest(null, Object(Config\Cache), false)
 4 FCPATH\index.php(67): CodeIgniter\CodeIgniter->run()
WARNING - 2023-10-10 07:52:27 --> [DEPRECATED] Creation of dynamic property App\Controllers\table::$DataStakeout is deprecated in APPPATH\Controllers\Table.php on line 11.
 1 SYSTEMPATH\CodeIgniter.php(904): App\Controllers\table->__construct()
 2 SYSTEMPATH\CodeIgniter.php(488): CodeIgniter\CodeIgniter->createController()
 3 SYSTEMPATH\CodeIgniter.php(366): CodeIgniter\CodeIgniter->handleRequest(null, Object(Config\Cache), false)
 4 FCPATH\index.php(67): CodeIgniter\CodeIgniter->run()
WARNING - 2023-10-10 07:52:30 --> [DEPRECATED] Creation of dynamic property App\Controllers\table::$DataAktual is deprecated in APPPATH\Controllers\Table.php on line 10.
 1 SYSTEMPATH\CodeIgniter.php(904): App\Controllers\table->__construct()
 2 SYSTEMPATH\CodeIgniter.php(488): CodeIgniter\CodeIgniter->createController()
 3 SYSTEMPATH\CodeIgniter.php(366): CodeIgniter\CodeIgniter->handleRequest(null, Object(Config\Cache), false)
 4 FCPATH\index.php(67): CodeIgniter\CodeIgniter->run()
WARNING - 2023-10-10 07:52:30 --> [DEPRECATED] Creation of dynamic property App\Controllers\table::$DataStakeout is deprecated in APPPATH\Controllers\Table.php on line 11.
 1 SYSTEMPATH\CodeIgniter.php(904): App\Controllers\table->__construct()
 2 SYSTEMPATH\CodeIgniter.php(488): CodeIgniter\CodeIgniter->createController()
 3 SYSTEMPATH\CodeIgniter.php(366): CodeIgniter\CodeIgniter->handleRequest(null, Object(Config\Cache), false)
 4 FCPATH\index.php(67): CodeIgniter\CodeIgniter->run()
